<?xml version="1.0" encoding="UTF-8"?>
<!-- Generated by org.testng.reporters.JUnitReportReporter -->
<testsuite skipped="0" hostname="LAPTOP-NQ1H139V" name="DataDriven.DDTExcel" tests="5" failures="0" timestamp="2021-01-24T18:08:01 IST" time="339.203" errors="0">
  <testcase name="DemoProject" time="78.424" classname="DataDriven.DDTExcel"/>
  <system-out/>
  <testcase name="DemoProject" time="57.107" classname="DataDriven.DDTExcel"/>
  <system-out/>
  <testcase name="DemoProject" time="65.812" classname="DataDriven.DDTExcel"/>
  <system-out/>
  <testcase name="DemoProject" time="84.099" classname="DataDriven.DDTExcel"/>
  <system-out/>
  <testcase name="DemoProject" time="53.761" classname="DataDriven.DDTExcel"/>
  <system-out/>
</testsuite> <!-- DataDriven.DDTExcel -->
